Determining if the pthread_create exist failed with the following output:
Change Dir: /media/freshield/SSD_1T/LEARN_CUDA_C_PROG/chp2/a5_review_sum_array_on_gpu/cmake-build-debug/CMakeFiles/CMakeTmp

Run Build Command:"/usr/bin/make" "cmTC_b9c6c/fast"
/usr/bin/make -f CMakeFiles/cmTC_b9c6c.dir/build.make CMakeFiles/cmTC_b9c6c.dir/build
make[1]: Entering directory '/media/freshield/SSD_1T/LEARN_CUDA_C_PROG/chp2/a5_review_sum_array_on_gpu/cmake-build-debug/CMakeFiles/CMakeTmp'
Building C object CMakeFiles/cmTC_b9c6c.dir/CheckSymbolExists.c.o
/usr/bin/cc   -fPIC    -o CMakeFiles/cmTC_b9c6c.dir/CheckSymbolExists.c.o   -c /media/freshield/SSD_1T/LEARN_CUDA_C_PROG/chp2/a5_review_sum_array_on_gpu/cmake-build-debug/CMakeFiles/CMakeTmp/CheckSymbolExists.c
Linking C executable cmTC_b9c6c
/home/freshield/software/clion-2018.3.4/bin/cmake/linux/bin/cmake -E cmake_link_script CMakeFiles/cmTC_b9c6c.dir/link.txt --verbose=1
/usr/bin/cc -fPIC     CMakeFiles/cmTC_b9c6c.dir/CheckSymbolExists.c.o  -o cmTC_b9c6c 
CMakeFiles/cmTC_b9c6c.dir/CheckSymbolExists.c.o：在函数‘main’中：
CheckSymbolExists.c:(.text+0x1b)：对‘pthread_create’未定义的引用
collect2: error: ld returned 1 exit status
CMakeFiles/cmTC_b9c6c.dir/build.make:86: recipe for target 'cmTC_b9c6c' failed
make[1]: *** [cmTC_b9c6c] Error 1
make[1]: Leaving directory '/media/freshield/SSD_1T/LEARN_CUDA_C_PROG/chp2/a5_review_sum_array_on_gpu/cmake-build-debug/CMakeFiles/CMakeTmp'
Makefile:121: recipe for target 'cmTC_b9c6c/fast' failed
make: *** [cmTC_b9c6c/fast] Error 2

File /media/freshield/SSD_1T/LEARN_CUDA_C_PROG/chp2/a5_review_sum_array_on_gpu/cmake-build-debug/CMakeFiles/CMakeTmp/CheckSymbolExists.c:
/* */
#include <pthread.h>

int main(int argc, char** argv)
{
  (void)argv;
#ifndef pthread_create
  return ((int*)(&pthread_create))[argc];
#else
  (void)argc;
  return 0;
#endif
}

Determining if the function pthread_create exists in the pthreads failed with the following output:
Change Dir: /media/freshield/SSD_1T/LEARN_CUDA_C_PROG/chp2/a5_review_sum_array_on_gpu/cmake-build-debug/CMakeFiles/CMakeTmp

Run Build Command:"/usr/bin/make" "cmTC_c867e/fast"
/usr/bin/make -f CMakeFiles/cmTC_c867e.dir/build.make CMakeFiles/cmTC_c867e.dir/build
make[1]: Entering directory '/media/freshield/SSD_1T/LEARN_CUDA_C_PROG/chp2/a5_review_sum_array_on_gpu/cmake-build-debug/CMakeFiles/CMakeTmp'
Building C object CMakeFiles/cmTC_c867e.dir/CheckFunctionExists.c.o
/usr/bin/cc   -fPIC -DCHECK_FUNCTION_EXISTS=pthread_create   -o CMakeFiles/cmTC_c867e.dir/CheckFunctionExists.c.o   -c /home/freshield/software/clion-2018.3.4/bin/cmake/linux/share/cmake-3.13/Modules/CheckFunctionExists.c
Linking C executable cmTC_c867e
/home/freshield/software/clion-2018.3.4/bin/cmake/linux/bin/cmake -E cmake_link_script CMakeFiles/cmTC_c867e.dir/link.txt --verbose=1
/usr/bin/cc -fPIC -DCHECK_FUNCTION_EXISTS=pthread_create    CMakeFiles/cmTC_c867e.dir/CheckFunctionExists.c.o  -o cmTC_c867e -lpthreads 
/usr/bin/ld: 找不到 -lpthreads
collect2: error: ld returned 1 exit status
CMakeFiles/cmTC_c867e.dir/build.make:86: recipe for target 'cmTC_c867e' failed
make[1]: *** [cmTC_c867e] Error 1
make[1]: Leaving directory '/media/freshield/SSD_1T/LEARN_CUDA_C_PROG/chp2/a5_review_sum_array_on_gpu/cmake-build-debug/CMakeFiles/CMakeTmp'
Makefile:121: recipe for target 'cmTC_c867e/fast' failed
make: *** [cmTC_c867e/fast] Error 2


