Determining if the pthread_create exist failed with the following output:
Change Dir: /media/freshield/SSD_1T/LEARN_CUDA_C_PROG/chp3/b5_reduces/cmake-build-debug/CMakeFiles/CMakeTmp

Run Build Command:"/usr/bin/make" "cmTC_57ffe/fast"
/usr/bin/make -f CMakeFiles/cmTC_57ffe.dir/build.make CMakeFiles/cmTC_57ffe.dir/build
make[1]: Entering directory '/media/freshield/SSD_1T/LEARN_CUDA_C_PROG/chp3/b5_reduces/cmake-build-debug/CMakeFiles/CMakeTmp'
Building C object CMakeFiles/cmTC_57ffe.dir/CheckSymbolExists.c.o
/usr/bin/cc   -fPIC    -o CMakeFiles/cmTC_57ffe.dir/CheckSymbolExists.c.o   -c /media/freshield/SSD_1T/LEARN_CUDA_C_PROG/chp3/b5_reduces/cmake-build-debug/CMakeFiles/CMakeTmp/CheckSymbolExists.c
Linking C executable cmTC_57ffe
/home/freshield/software/clion-2018.3.4/bin/cmake/linux/bin/cmake -E cmake_link_script CMakeFiles/cmTC_57ffe.dir/link.txt --verbose=1
/usr/bin/cc -fPIC     CMakeFiles/cmTC_57ffe.dir/CheckSymbolExists.c.o  -o cmTC_57ffe 
CMakeFiles/cmTC_57ffe.dir/CheckSymbolExists.c.o：在函数‘main’中：
CheckSymbolExists.c:(.text+0x1b)：对‘pthread_create’未定义的引用
collect2: error: ld returned 1 exit status
CMakeFiles/cmTC_57ffe.dir/build.make:86: recipe for target 'cmTC_57ffe' failed
make[1]: *** [cmTC_57ffe] Error 1
make[1]: Leaving directory '/media/freshield/SSD_1T/LEARN_CUDA_C_PROG/chp3/b5_reduces/cmake-build-debug/CMakeFiles/CMakeTmp'
Makefile:121: recipe for target 'cmTC_57ffe/fast' failed
make: *** [cmTC_57ffe/fast] Error 2

File /media/freshield/SSD_1T/LEARN_CUDA_C_PROG/chp3/b5_reduces/cmake-build-debug/CMakeFiles/CMakeTmp/CheckSymbolExists.c:
/* */
#include <pthread.h>

int main(int argc, char** argv)
{
  (void)argv;
#ifndef pthread_create
  return ((int*)(&pthread_create))[argc];
#else
  (void)argc;
  return 0;
#endif
}

Determining if the function pthread_create exists in the pthreads failed with the following output:
Change Dir: /media/freshield/SSD_1T/LEARN_CUDA_C_PROG/chp3/b5_reduces/cmake-build-debug/CMakeFiles/CMakeTmp

Run Build Command:"/usr/bin/make" "cmTC_4ed95/fast"
/usr/bin/make -f CMakeFiles/cmTC_4ed95.dir/build.make CMakeFiles/cmTC_4ed95.dir/build
make[1]: Entering directory '/media/freshield/SSD_1T/LEARN_CUDA_C_PROG/chp3/b5_reduces/cmake-build-debug/CMakeFiles/CMakeTmp'
Building C object CMakeFiles/cmTC_4ed95.dir/CheckFunctionExists.c.o
/usr/bin/cc   -fPIC -DCHECK_FUNCTION_EXISTS=pthread_create   -o CMakeFiles/cmTC_4ed95.dir/CheckFunctionExists.c.o   -c /home/freshield/software/clion-2018.3.4/bin/cmake/linux/share/cmake-3.13/Modules/CheckFunctionExists.c
Linking C executable cmTC_4ed95
/home/freshield/software/clion-2018.3.4/bin/cmake/linux/bin/cmake -E cmake_link_script CMakeFiles/cmTC_4ed95.dir/link.txt --verbose=1
/usr/bin/cc -fPIC -DCHECK_FUNCTION_EXISTS=pthread_create    CMakeFiles/cmTC_4ed95.dir/CheckFunctionExists.c.o  -o cmTC_4ed95 -lpthreads 
/usr/bin/ld: 找不到 -lpthreads
collect2: error: ld returned 1 exit status
CMakeFiles/cmTC_4ed95.dir/build.make:86: recipe for target 'cmTC_4ed95' failed
make[1]: *** [cmTC_4ed95] Error 1
make[1]: Leaving directory '/media/freshield/SSD_1T/LEARN_CUDA_C_PROG/chp3/b5_reduces/cmake-build-debug/CMakeFiles/CMakeTmp'
Makefile:121: recipe for target 'cmTC_4ed95/fast' failed
make: *** [cmTC_4ed95/fast] Error 2


